Using pre-set license
Built from '2020.3/staging' branch; Version is '2020.3.0f1 (c7b5465681fb) revision 13088070'; Using compiler version '192528614'; Build Type 'Release'
OS: 'Windows 10 Home; OS build 19042.867; Version 2009; 64bit' Language: 'en' Physical Memory: 7075 MB
BatchMode: 1, IsHumanControllingUs: 0, StartBugReporterOnCrash: 0, Is64bit: 1, IsPro: 0

 COMMAND LINE ARGUMENTS:
C:\Program Files\Unity\Hub\Editor\2020.3.0f1\Editor\Unity.exe
-adb2
-batchMode
-noUpm
-name
AssetImportWorker0
-projectPath
C:/Users/stavr/Documents/Game development/Unity Projects/BoomDoom/BoomDoom Client
-logFile
Logs/AssetImportWorker0.log
-srvPort
49721
Successfully changed project path to: C:/Users/stavr/Documents/Game development/Unity Projects/BoomDoom/BoomDoom Client
C:/Users/stavr/Documents/Game development/Unity Projects/BoomDoom/BoomDoom Client
Using Asset Import Pipeline V2.
Refreshing native plugins compatible for Editor in 130.22 ms, found 1 plugins.
Preloading 0 native plugins for Editor in 0.00 ms.
Initialize engine version: 2020.3.0f1 (c7b5465681fb)
[Subsystems] Discovering subsystems at path C:/Program Files/Unity/Hub/Editor/2020.3.0f1/Editor/Data/Resources/UnitySubsystems
[Subsystems] Discovering subsystems at path C:/Users/stavr/Documents/Game development/Unity Projects/BoomDoom/BoomDoom Client/Assets
GfxDevice: creating device client; threaded=0
Direct3D:
    Version:  Direct3D 11.0 [level 11.1]
    Renderer: AMD Radeon(TM) Vega 8 Graphics (ID=0x15dd)
    Vendor:   
    VRAM:     3537 MB
    Driver:   27.20.1034.6
Initialize mono
Mono path[0] = 'C:/Program Files/Unity/Hub/Editor/2020.3.0f1/Editor/Data/Managed'
Mono path[1] = 'C:/Program Files/Unity/Hub/Editor/2020.3.0f1/Editor/Data/MonoBleedingEdge/lib/mono/unityjit'
Mono config path = 'C:/Program Files/Unity/Hub/Editor/2020.3.0f1/Editor/Data/MonoBleedingEdge/etc'
Using monoOptions --debugger-agent=transport=dt_socket,embedding=1,server=y,suspend=n,address=127.0.0.1:56228
Begin MonoManager ReloadAssembly
Registering precompiled unity dll's ...
Register platform support module: C:/Program Files/Unity/Hub/Editor/2020.3.0f1/Editor/Data/PlaybackEngines/WindowsStandaloneSupport/UnityEditor.WindowsStandalone.Extensions.dll
Registered in 0.004271 seconds.
Native extension for WindowsStandalone target not found
Refreshing native plugins compatible for Editor in 100.34 ms, found 1 plugins.
Preloading 0 native plugins for Editor in 0.00 ms.
Invoked RoslynAnalysisRunner static constructor.
RoslynAnalysisRunner will not be running.
RoslynAnalysisRunner has terminated.
Mono: successfully reloaded assembly
- Completed reload, in  4.953 seconds
Platform modules already initialized, skipping
Registering precompiled user dll's ...
Registered in 0.002094 seconds.
Begin MonoManager ReloadAssembly
Native extension for WindowsStandalone target not found
Refreshing native plugins compatible for Editor in 100.48 ms, found 1 plugins.
Preloading 0 native plugins for Editor in 0.00 ms.
Invoked RoslynAnalysisRunner static constructor.
RoslynAnalysisRunner will not be running.
RoslynAnalysisRunner has terminated.
Mono: successfully reloaded assembly
- Completed reload, in  2.335 seconds
Platform modules already initialized, skipping
========================================================================
Worker process is ready to serve import requests
Launched and connected shader compiler UnityShaderCompiler.exe after 0.14 seconds
Refreshing native plugins compatible for Editor in 0.82 ms, found 1 plugins.
Preloading 0 native plugins for Editor in 0.00 ms.
Unloading 1837 Unused Serialized files (Serialized files now loaded: 0)
System memory in use before: 88.4 MB.
System memory in use after: 88.5 MB.

Unloading 19 unused Assets to reduce memory usage. Loaded Objects now: 2289.
Total: 3.712400 ms (FindLiveObjects: 0.307700 ms CreateObjectMapping: 0.089000 ms MarkObjects: 3.184500 ms  DeleteObjects: 0.128400 ms)

========================================================================
Received Import Request.
  path: Assets/Prefabs/AttackJoystick.prefab
  artifactKey: Guid(c29098dd9deb88f418d6558941460faf) Importer(815301076,1909f56bfc062723c751e8b465ee728b)
Start importing Assets/Prefabs/AttackJoystick.prefab using Guid(c29098dd9deb88f418d6558941460faf) Importer(815301076,1909f56bfc062723c751e8b465ee728b)  -> (artifact id: 'a662f75db606796aa04d7c2f42e7265f') in 0.125885 seconds
  Import took 0.131373 seconds .

========================================================================
Received Import Request.
  Time since last request: 0.000968 seconds.
  path: Assets/Prefabs/MoveJoystick.prefab
  artifactKey: Guid(2408582571d8d9b4f9ec1c37c594cadd) Importer(815301076,1909f56bfc062723c751e8b465ee728b)
Start importing Assets/Prefabs/MoveJoystick.prefab using Guid(2408582571d8d9b4f9ec1c37c594cadd) Importer(815301076,1909f56bfc062723c751e8b465ee728b)  -> (artifact id: '6cebb5931368844e0d52d404396f62cf') in 0.023468 seconds
  Import took 0.030465 seconds .

========================================================================
Received Import Request.
  Time since last request: 0.000333 seconds.
  path: Assets/Prefabs/OnlinePlayer.prefab
  artifactKey: Guid(3a65e7274548dd04b9434c2a86b13abf) Importer(815301076,1909f56bfc062723c751e8b465ee728b)
Start importing Assets/Prefabs/OnlinePlayer.prefab using Guid(3a65e7274548dd04b9434c2a86b13abf) Importer(815301076,1909f56bfc062723c751e8b465ee728b)  -> (artifact id: '00fb414213d872394c9f6b0f45d6ff15') in 0.147699 seconds
  Import took 0.154005 seconds .

========================================================================
Received Import Request.
  Time since last request: 0.000326 seconds.
  path: Assets/Prefabs/Player.prefab
  artifactKey: Guid(0ed6b156ad5c0f744a6253d0175071c5) Importer(815301076,1909f56bfc062723c751e8b465ee728b)
Start importing Assets/Prefabs/Player.prefab using Guid(0ed6b156ad5c0f744a6253d0175071c5) Importer(815301076,1909f56bfc062723c751e8b465ee728b)  -> (artifact id: '329e49d65185b32b1b7dd9e10876a212') in 0.054296 seconds
  Import took 0.060427 seconds .

========================================================================
Received Import Request.
  Time since last request: 0.000314 seconds.
  path: Assets/Prefabs/Aim.prefab
  artifactKey: Guid(b9ab692e06508fb4fa38e647c144f862) Importer(815301076,1909f56bfc062723c751e8b465ee728b)
Start importing Assets/Prefabs/Aim.prefab using Guid(b9ab692e06508fb4fa38e647c144f862) Importer(815301076,1909f56bfc062723c751e8b465ee728b)  -> (artifact id: '6c77022dfa43e01627d918f8c9168fdb') in 0.057144 seconds
  Import took 0.062563 seconds .

========================================================================
Received Import Request.
  Time since last request: 0.000283 seconds.
  path: Assets/Prefabs/Bullet.prefab
  artifactKey: Guid(8430460b2ae0efe4c8445e0d7b9067d7) Importer(815301076,1909f56bfc062723c751e8b465ee728b)
Start importing Assets/Prefabs/Bullet.prefab using Guid(8430460b2ae0efe4c8445e0d7b9067d7) Importer(815301076,1909f56bfc062723c751e8b465ee728b)  -> (artifact id: '7113fa15b90d27ddf1e68f207c0bd0fc') in 0.036967 seconds
  Import took 0.042223 seconds .

========================================================================
Received Prepare
Registering precompiled user dll's ...
Registered in 0.002041 seconds.
Begin MonoManager ReloadAssembly
Native extension for WindowsStandalone target not found
Refreshing native plugins compatible for Editor in 0.68 ms, found 1 plugins.
Preloading 0 native plugins for Editor in 0.00 ms.
Invoked RoslynAnalysisRunner static constructor.
RoslynAnalysisRunner will not be running.
RoslynAnalysisRunner has terminated.
Mono: successfully reloaded assembly
- Completed reload, in  1.778 seconds
Platform modules already initialized, skipping
Switching build target platform(5) subTarget(0) extendedPlatform(0) -> platform(13) subTarget(537395200) extendedPlatform(0)
Refreshing native plugins compatible for Editor in 0.74 ms, found 1 plugins.
Preloading 0 native plugins for Editor in 0.00 ms.
Unloading 1814 Unused Serialized files (Serialized files now loaded: 0)
System memory in use before: 89.8 MB.
System memory in use after: 89.9 MB.

Unloading 10 unused Assets to reduce memory usage. Loaded Objects now: 2297.
Total: 3.707300 ms (FindLiveObjects: 0.508700 ms CreateObjectMapping: 0.111400 ms MarkObjects: 3.049300 ms  DeleteObjects: 0.034200 ms)

AssetImportParameters requested are different than current active one (requested -> active):
  custom:graphics/normal-map-encoding: 01000000000000000000000000000000 -> 02000000000000000000000000000000
========================================================================
Received Import Request.
  Time since last request: 476.352564 seconds.
  path: Assets/Prefabs/OnlinePlayer.prefab
  artifactKey: Guid(3a65e7274548dd04b9434c2a86b13abf) Importer(815301076,1909f56bfc062723c751e8b465ee728b)
Start importing Assets/Prefabs/OnlinePlayer.prefab using Guid(3a65e7274548dd04b9434c2a86b13abf) Importer(815301076,1909f56bfc062723c751e8b465ee728b)  -> (artifact id: 'fc51492cf2a10c7939bdc980e271a29c') in 0.125029 seconds
  Import took 0.130613 seconds .

========================================================================
Received Import Request.
  Time since last request: 0.000363 seconds.
  path: Assets/Prefabs/Player.prefab
  artifactKey: Guid(0ed6b156ad5c0f744a6253d0175071c5) Importer(815301076,1909f56bfc062723c751e8b465ee728b)
Start importing Assets/Prefabs/Player.prefab using Guid(0ed6b156ad5c0f744a6253d0175071c5) Importer(815301076,1909f56bfc062723c751e8b465ee728b)  -> (artifact id: '5c2cc773af683d869d9d907c010ee3cc') in 0.037793 seconds
  Import took 0.043915 seconds .

========================================================================
Received Prepare
Refreshing native plugins compatible for Editor in 2.80 ms, found 1 plugins.
Preloading 0 native plugins for Editor in 0.00 ms.
Unloading 5 Unused Serialized files (Serialized files now loaded: 0)
System memory in use before: 55.1 MB.
System memory in use after: 55.2 MB.

Unloading 5 unused Assets to reduce memory usage. Loaded Objects now: 2298.
Total: 3.828100 ms (FindLiveObjects: 0.432400 ms CreateObjectMapping: 0.543800 ms MarkObjects: 2.831000 ms  DeleteObjects: 0.018900 ms)

========================================================================
Received Prepare
Registering precompiled user dll's ...
Registered in 0.004571 seconds.
Begin MonoManager ReloadAssembly
Native extension for WindowsStandalone target not found
Refreshing native plugins compatible for Editor in 1.20 ms, found 1 plugins.
Preloading 0 native plugins for Editor in 0.00 ms.
Invoked RoslynAnalysisRunner static constructor.
RoslynAnalysisRunner will not be running.
RoslynAnalysisRunner has terminated.
Mono: successfully reloaded assembly
- Completed reload, in  2.472 seconds
Platform modules already initialized, skipping
Switching build target platform(5) subTarget(0) extendedPlatform(0) -> platform(13) subTarget(537395200) extendedPlatform(0)
Refreshing native plugins compatible for Editor in 0.76 ms, found 1 plugins.
Preloading 0 native plugins for Editor in 0.00 ms.
Unloading 1814 Unused Serialized files (Serialized files now loaded: 0)
System memory in use before: 89.8 MB.
System memory in use after: 90.0 MB.

Unloading 7 unused Assets to reduce memory usage. Loaded Objects now: 2302.
Total: 4.900100 ms (FindLiveObjects: 0.792700 ms CreateObjectMapping: 0.156400 ms MarkObjects: 3.918000 ms  DeleteObjects: 0.028500 ms)

AssetImportParameters requested are different than current active one (requested -> active):
  custom:graphics/normal-map-encoding: 01000000000000000000000000000000 -> 02000000000000000000000000000000
========================================================================
Received Prepare
Registering precompiled user dll's ...
Registered in 0.002125 seconds.
Begin MonoManager ReloadAssembly
Native extension for WindowsStandalone target not found
Refreshing native plugins compatible for Editor in 1.28 ms, found 1 plugins.
Preloading 0 native plugins for Editor in 0.00 ms.
Invoked RoslynAnalysisRunner static constructor.
RoslynAnalysisRunner will not be running.
RoslynAnalysisRunner has terminated.
Mono: successfully reloaded assembly
- Completed reload, in  2.092 seconds
Platform modules already initialized, skipping
Switching build target platform(5) subTarget(0) extendedPlatform(0) -> platform(13) subTarget(537395200) extendedPlatform(0)
Refreshing native plugins compatible for Editor in 1.50 ms, found 1 plugins.
Preloading 0 native plugins for Editor in 0.00 ms.
Unloading 1814 Unused Serialized files (Serialized files now loaded: 0)
System memory in use before: 89.9 MB.
System memory in use after: 90.0 MB.

Unloading 7 unused Assets to reduce memory usage. Loaded Objects now: 2306.
Total: 9.414500 ms (FindLiveObjects: 1.163400 ms CreateObjectMapping: 0.477300 ms MarkObjects: 7.731700 ms  DeleteObjects: 0.037100 ms)

AssetImportParameters requested are different than current active one (requested -> active):
  custom:graphics/normal-map-encoding: 01000000000000000000000000000000 -> 02000000000000000000000000000000
